<?xml version="1.0" encoding="UTF-8"?>
<testsuite name="com.alvarozarza.basf.controller.PatentControllerTests" tests="2" skipped="0" failures="0" errors="0" timestamp="2021-01-27T11:02:53" hostname="MacBook-Pro-de-Mac.local" time="0.059">
  <properties/>
  <testcase name="getPatents" classname="com.alvarozarza.basf.controller.PatentControllerTests" time="0.056"/>
  <testcase name="getPatentsByChemical" classname="com.alvarozarza.basf.controller.PatentControllerTests" time="0.002"/>
  <system-out><![CDATA[]]></system-out>
  <system-err><![CDATA[]]></system-err>
</testsuite>
