<?xml version="1.0" encoding="UTF-8"?>
<testsuite name="com.alvarozarza.basf.service.PatentServiceTests" tests="4" skipped="0" failures="0" errors="0" timestamp="2021-01-27T11:03:13" hostname="MacBook-Pro-de-Mac.local" time="0.203">
  <properties/>
  <testcase name="findPatentsByChemicalKO" classname="com.alvarozarza.basf.service.PatentServiceTests" time="0.199"/>
  <testcase name="findPatentsByChemicalOK" classname="com.alvarozarza.basf.service.PatentServiceTests" time="0.002"/>
  <testcase name="findAllPatentsKO" classname="com.alvarozarza.basf.service.PatentServiceTests" time="0.001"/>
  <testcase name="findAllPatentsOK" classname="com.alvarozarza.basf.service.PatentServiceTests" time="0.001"/>
  <system-out><![CDATA[]]></system-out>
  <system-err><![CDATA[]]></system-err>
</testsuite>
