<?xml version="1.0" encoding="UTF-8"?>
<testsuite name="com.alvarozarza.basf.service.ChemicalServiceTests" tests="4" skipped="0" failures="0" errors="0" timestamp="2021-01-27T11:03:13" hostname="MacBook-Pro-de-Mac.local" time="5.094">
  <properties/>
  <testcase name="removeDatabaseOK" classname="com.alvarozarza.basf.service.ChemicalServiceTests" time="0.027"/>
  <testcase name="executeExtractionPipelineNotFoundEntitiesKO" classname="com.alvarozarza.basf.service.ChemicalServiceTests" time="2.282"/>
  <testcase name="executeExtractionPipelineNotFoundEntitiesOK" classname="com.alvarozarza.basf.service.ChemicalServiceTests" time="1.405"/>
  <testcase name="executeExtractionPipelineFoundEntitiesOK" classname="com.alvarozarza.basf.service.ChemicalServiceTests" time="1.378"/>
  <system-out><![CDATA[2021-01-27 12:03:13.965  INFO 19344 --- [    Test worker] com.alvarozarza.basf.Application         : Unzipping zip and converting to list of xml documents...
2021-01-27 12:03:14.683  INFO 19344 --- [    Test worker] com.alvarozarza.basf.Application         : Ending document zip
2021-01-27 12:03:14.683  INFO 19344 --- [    Test worker] com.alvarozarza.basf.Application         : Creating the Patent object with the xml documents...
2021-01-27 12:03:16.211  INFO 19344 --- [    Test worker] com.alvarozarza.basf.Application         : Extracting Tags from full text and abstact...
2021-01-27 12:03:16.240  INFO 19344 --- [    Test worker] com.alvarozarza.basf.Application         : Saving patents into the database...
2021-01-27 12:03:16.245  INFO 19344 --- [    Test worker] com.alvarozarza.basf.Application         : Unzipping zip and converting to list of xml documents...
2021-01-27 12:03:16.716  INFO 19344 --- [    Test worker] com.alvarozarza.basf.Application         : Ending document zip
2021-01-27 12:03:16.716  INFO 19344 --- [    Test worker] com.alvarozarza.basf.Application         : Creating the Patent object with the xml documents...
2021-01-27 12:03:17.624  INFO 19344 --- [    Test worker] com.alvarozarza.basf.Application         : Extracting Tags from full text and abstact...
2021-01-27 12:03:17.646  INFO 19344 --- [    Test worker] com.alvarozarza.basf.Application         : Saving patents into the database...
2021-01-27 12:03:17.652  INFO 19344 --- [    Test worker] com.alvarozarza.basf.Application         : Unzipping zip and converting to list of xml documents...
2021-01-27 12:03:18.272  INFO 19344 --- [    Test worker] com.alvarozarza.basf.Application         : Ending document zip
2021-01-27 12:03:18.272  INFO 19344 --- [    Test worker] com.alvarozarza.basf.Application         : Creating the Patent object with the xml documents...
2021-01-27 12:03:18.993  INFO 19344 --- [    Test worker] com.alvarozarza.basf.Application         : Extracting Tags from full text and abstact...
2021-01-27 12:03:19.022  INFO 19344 --- [    Test worker] com.alvarozarza.basf.Application         : Saving patents into the database...
]]></system-out>
  <system-err><![CDATA[]]></system-err>
</testsuite>
